\BOOKMARK [1][-]{section.1}{\376\377\0001\000.\000\040\000I\000n\000t\000r\000o\000d\000u\000c\000t\000i\000o\000n}{}% 1
\BOOKMARK [1][-]{section.2}{\376\377\0002\000.\000\040\000A\000p\000p\000r\000o\000x\000i\000m\000a\000t\000i\000o\000n\000\040\000b\000y\000\040\000F\000o\000u\000r\000i\000e\000r\000\040\000N\000e\000u\000r\000a\000l\000\040\000O\000p\000e\000r\000a\000t\000o\000r\000s}{}% 2
\BOOKMARK [2][-]{thmt@dummyctr.dummy.1}{\376\377\0002\000.\0001\000.\000\040\000S\000e\000t\000t\000i\000n\000g\000\040\000f\000o\000r\000\040\000O\000p\000e\000r\000a\000t\000o\000r\000\040\000L\000e\000a\000r\000n\000i\000n\000g\000.}{section.2}% 3
\BOOKMARK [2][-]{subsection.2.2}{\376\377\0002\000.\0002\000.\000\040\000N\000e\000u\000r\000a\000l\000\040\000O\000p\000e\000r\000a\000t\000o\000r\000s}{section.2}% 4
\BOOKMARK [2][-]{subsection.2.3}{\376\377\0002\000.\0003\000.\000\040\000F\000o\000u\000r\000i\000e\000r\000\040\000N\000e\000u\000r\000a\000l\000\040\000O\000p\000e\000r\000a\000t\000o\000r\000s}{section.2}% 5
\BOOKMARK [2][-]{subsection.2.4}{\376\377\0002\000.\0004\000.\000\040\000U\000n\000i\000v\000e\000r\000s\000a\000l\000\040\000A\000p\000p\000r\000o\000x\000i\000m\000a\000t\000i\000o\000n\000\040\000b\000y\000\040\000F\000N\000O\000s}{section.2}% 6
\BOOKMARK [2][-]{subsection.2.5}{\376\377\0002\000.\0005\000.\000\040\000-\000F\000o\000u\000r\000i\000e\000r\000\040\000n\000e\000u\000r\000a\000l\000\040\000o\000p\000e\000r\000a\000t\000o\000r\000s\000.}{section.2}% 7
\BOOKMARK [1][-]{section.3}{\376\377\0003\000.\000\040\000A\000p\000p\000r\000o\000x\000i\000m\000a\000t\000i\000o\000n\000\040\000o\000f\000\040\000P\000D\000E\000s\000\040\000b\000y\000\040\000-\000F\000N\000O\000s}{}% 8
\BOOKMARK [2][-]{subsection.3.1}{\376\377\0003\000.\0001\000.\000\040\000S\000t\000a\000t\000i\000o\000n\000a\000r\000y\000\040\000D\000a\000r\000c\000y\000\040\000F\000l\000o\000w}{section.3}% 9
\BOOKMARK [2][-]{subsection.3.2}{\376\377\0003\000.\0002\000.\000\040\000I\000n\000c\000o\000m\000p\000r\000e\000s\000s\000i\000b\000l\000e\000\040\000N\000a\000v\000i\000e\000r\000-\000S\000t\000o\000k\000e\000s\000\040\000e\000q\000u\000a\000t\000i\000o\000n\000s\000.}{section.3}% 10
\BOOKMARK [1][-]{section.4}{\376\377\0004\000.\000\040\000C\000o\000m\000p\000a\000r\000i\000s\000o\000n\000\040\000o\000f\000\040\000F\000N\000O\000s\000\040\000w\000i\000t\000h\000\040\000D\000e\000e\000p\000O\000n\000e\000t\000s}{}% 11
\BOOKMARK [1][-]{section.5}{\376\377\0005\000.\000\040\000S\000u\000m\000m\000a\000r\000y\000\040\000a\000n\000d\000\040\000D\000i\000s\000c\000u\000s\000s\000i\000o\000n\000.}{}% 12
\BOOKMARK [1][-]{section*.1}{\376\377\000R\000e\000f\000e\000r\000e\000n\000c\000e\000s}{}% 13
\BOOKMARK [1][-]{appendix.A}{\376\377\000A\000p\000p\000e\000n\000d\000i\000x\000\040\000A\000.\000\040\000G\000l\000o\000s\000s\000a\000r\000y\000\040\000o\000f\000\040\000m\000a\000t\000h\000e\000m\000a\000t\000i\000c\000a\000l\000\040\000n\000o\000t\000a\000t\000i\000o\000n}{}% 14
\BOOKMARK [1][-]{appendix.B}{\376\377\000A\000p\000p\000e\000n\000d\000i\000x\000\040\000B\000.\000\040\000N\000o\000t\000a\000t\000i\000o\000n\000\040\000a\000n\000d\000\040\000T\000e\000c\000h\000n\000i\000c\000a\000l\000\040\000P\000r\000e\000l\000i\000m\000i\000n\000a\000r\000i\000e\000s\000.}{}% 15
\BOOKMARK [1][-]{appendix.C}{\376\377\000A\000p\000p\000e\000n\000d\000i\000x\000\040\000C\000.\000\040\000N\000o\000n\000-\000l\000i\000n\000e\000a\000r\000\040\000l\000i\000f\000t\000i\000n\000g\000\040\000a\000n\000d\000\040\000p\000r\000o\000j\000e\000c\000t\000i\000o\000n\000\040\000o\000p\000e\000r\000a\000t\000o\000r\000s}{}% 16
\BOOKMARK [1][-]{appendix.D}{\376\377\000A\000p\000p\000e\000n\000d\000i\000x\000\040\000D\000.\000\040\000P\000r\000o\000o\000f\000s\000\040\000a\000n\000d\000\040\000T\000e\000c\000h\000n\000i\000c\000a\000l\000\040\000d\000e\000t\000a\000i\000l\000s\000\040\000f\000o\000r\000\040\000s\000e\000c\000t\000i\000o\000n\000\040\0002}{}% 17
\BOOKMARK [2][-]{subsection.D.1}{\376\377\000D\000.\0001\000.\000\040\000\040\000P\000r\000o\000o\000f\000\040\000o\000f\000\040\000L\000e\000m\000m\000a\000\040\0002\000.\0006\000\040}{appendix.D}% 18
\BOOKMARK [2][-]{subsection.D.2}{\376\377\000D\000.\0002\000.\000\040\000P\000r\000o\000o\000f\000\040\000o\000f\000\040\000L\000e\000m\000m\000a\000\040\0002\000.\0007}{appendix.D}% 19
\BOOKMARK [2][-]{subsection.D.3}{\376\377\000D\000.\0003\000.\000\040\000P\000r\000o\000o\000f\000\040\000o\000f\000\040\000L\000e\000m\000m\000a\000\040\0002\000.\0008}{appendix.D}% 20
\BOOKMARK [2][-]{subsection.D.4}{\376\377\000D\000.\0004\000.\000\040\000P\000r\000o\000o\000f\000\040\000o\000f\000\040\000t\000h\000e\000\040\000U\000n\000i\000v\000e\000r\000s\000a\000l\000\040\000A\000p\000p\000r\000o\000x\000i\000m\000a\000t\000i\000o\000n\000\040\000T\000h\000e\000o\000r\000e\000m\000\040\0002\000.\0005}{appendix.D}% 21
\BOOKMARK [2][-]{subsection.D.5}{\376\377\000D\000.\0005\000.\000\040\000P\000r\000o\000o\000f\000\040\000o\000f\000\040\000T\000h\000e\000o\000r\000e\000m\000\040\0002\000.\0001\0004}{appendix.D}% 22
\BOOKMARK [2][-]{subsection.D.6}{\376\377\000D\000.\0006\000.\000\040\000\040\000P\000r\000o\000o\000f\000\040\000o\000f\000\040\000L\000e\000m\000m\000a\000\040\0002\000.\0001\0006\000\040}{appendix.D}% 23
\BOOKMARK [2][-]{subsection.D.7}{\376\377\000D\000.\0007\000.\000\040\000T\000e\000c\000h\000n\000i\000c\000a\000l\000\040\000R\000e\000s\000u\000l\000t\000s\000\040\000o\000n\000\040\000t\000h\000e\000\040\000s\000t\000r\000u\000c\000t\000u\000r\000e\000\040\000o\000f\000\040\000-\000F\000N\000O\000s}{appendix.D}% 24
\BOOKMARK [1][-]{appendix.E}{\376\377\000A\000p\000p\000e\000n\000d\000i\000x\000\040\000E\000.\000\040\000T\000e\000c\000h\000n\000i\000c\000a\000l\000\040\000R\000e\000s\000u\000l\000t\000s\000\040\000a\000n\000d\000\040\000P\000r\000o\000o\000f\000s\000\040\000f\000o\000r\000\040\000S\000e\000c\000t\000i\000o\000n\000\040\0003\000.\0001}{}% 25
\BOOKMARK [2][-]{subsection.E.1}{\376\377\000E\000.\0001\000.\000\040\000P\000r\000o\000o\000f\000\040\000o\000f\000\040\000T\000h\000e\000o\000r\000e\000m\000\040\0003\000.\0003}{appendix.E}% 26
\BOOKMARK [2][-]{subsection.E.2}{\376\377\000E\000.\0002\000.\000\040\000N\000e\000u\000r\000a\000l\000\040\000n\000e\000t\000w\000o\000r\000k\000\040\000a\000p\000p\000r\000o\000x\000i\000m\000a\000t\000i\000o\000n\000\040\000o\000f\000\040\000q\000u\000a\000d\000r\000a\000t\000i\000c\000\040\000n\000o\000n\000-\000l\000i\000n\000e\000a\000r\000i\000t\000i\000e\000s}{appendix.E}% 27
\BOOKMARK [2][-]{subsection.E.3}{\376\377\000E\000.\0003\000.\000\040\000P\000r\000o\000o\000f\000\040\000o\000f\000\040\000T\000h\000e\000o\000r\000e\000m\000\040\0003\000.\0005}{appendix.E}% 28
\BOOKMARK [1][-]{appendix.F}{\376\377\000A\000p\000p\000e\000n\000d\000i\000x\000\040\000F\000.\000\040\000T\000e\000c\000h\000n\000i\000c\000a\000l\000\040\000R\000e\000s\000u\000l\000t\000s\000\040\000a\000n\000d\000\040\000p\000r\000o\000o\000f\000s\000\040\000f\000r\000o\000m\000\040\000S\000e\000c\000t\000i\000o\000n\000\040\0003\000.\0002}{}% 29
\BOOKMARK [2][-]{subsection.F.1}{\376\377\000F\000.\0001\000.\000\040\000P\000r\000o\000p\000e\000r\000t\000i\000e\000s\000\040\000o\000f\000\040\000t\000h\000e\000\040\000P\000s\000e\000u\000d\000o\000-\000s\000p\000e\000c\000t\000r\000a\000l\000\040\000s\000c\000h\000e\000m\000e\000\040\000\050\0003\000.\0001\0005\000\051}{appendix.F}% 30
\BOOKMARK [2][-]{subsection.F.2}{\376\377\000F\000.\0002\000.\000\040\000P\000r\000o\000o\000f\000\040\000o\000f\000\040\000T\000h\000e\000o\000r\000e\000m\000\040\0003\000.\0001\0000}{appendix.F}% 31
\BOOKMARK [2][-]{subsection.F.3}{\376\377\000F\000.\0003\000.\000\040\000P\000r\000o\000o\000f\000\040\000o\000f\000\040\000T\000h\000e\000o\000r\000e\000m\000\040\0003\000.\0001\0002}{appendix.F}% 32
\BOOKMARK [2][-]{subsection.F.4}{\376\377\000F\000.\0004\000.\000\040\000A\000\040\000s\000e\000c\000o\000n\000d\000-\000o\000r\000d\000e\000r\000\040\000i\000n\000\040\000t\000i\000m\000e\000\040\000a\000c\000c\000u\000r\000a\000t\000e\000\040\000p\000s\000e\000u\000d\000o\000-\000s\000p\000e\000c\000t\000r\000a\000l\000\040\000m\000e\000t\000h\000o\000d\000\040\000f\000o\000r\000\040\000a\000p\000p\000r\000o\000x\000i\000m\000a\000t\000i\000n\000g\000\040\000t\000h\000e\000\040\000N\000a\000v\000i\000e\000r\000-\000S\000t\000o\000k\000e\000s\000\040\000e\000q\000u\000a\000t\000i\000o\000n\000\040\000\050\0003\000.\0001\0002\000\051\000\040\000a\000n\000d\000\040\000i\000t\000s\000\040\000e\000m\000u\000l\000a\000t\000i\000o\000n\000\040\000b\000y\000\040\000-\000F\000N\000O\000s\000.}{appendix.F}% 33
\BOOKMARK [1][-]{appendix.G}{\376\377\000A\000p\000p\000e\000n\000d\000i\000x\000\040\000G\000.\000\040\000P\000r\000o\000o\000f\000\040\000o\000f\000\040\000T\000h\000e\000o\000r\000e\000m\000\040\0004\000.\0002}{}% 34
