This is XeTeX, Version 3.141592653-2.6-0.999997 (TeX Live 2025) (preloaded format=xelatex 2025.8.12)  26 OCT 2025 17:11
entering extended mode
 restricted \write18 enabled.
 file:line:error style messages enabled.
 %&-line parsing enabled.
**iclr2021_revision
(./iclr2021_revision.tex
LaTeX2e <2024-11-01> patch level 2
L3 programming layer <2025-01-18>
(c:/texlive/2025/texmf-dist/tex/latex/base/article.cls
Document Class: article 2024/06/29 v1.4n Standard LaTeX document class
(c:/texlive/2025/texmf-dist/tex/latex/base/size10.clo
File: size10.clo 2024/06/29 v1.4n Standard LaTeX file (size option)
)
\c@part=\count192
\c@section=\count193
\c@subsection=\count194
\c@subsubsection=\count195
\c@paragraph=\count196
\c@subparagraph=\count197
\c@figure=\count198
\c@table=\count199
\abovecaptionskip=\skip49
\belowcaptionskip=\skip50
\bibindent=\dimen141
) (./iclr2021.sty (c:/texlive/2025/texmf-dist/tex/latex/eso-pic/eso-pic.sty
Package: eso-pic 2023/05/03 v3.0c eso-pic (RN)
\ESO@tempdima=\dimen142
\ESO@tempdimb=\dimen143
 (c:/texlive/2025/texmf-dist/tex/latex/graphics/keyval.sty
Package: keyval 2022/05/29 v1.15 key=value parser (DPC)
\KV@toks@=\toks17
) (c:/texlive/2025/texmf-dist/tex/latex/xcolor/xcolor.sty
Package: xcolor 2024/09/29 v3.02 LaTeX color extensions (UK)
 (c:/texlive/2025/texmf-dist/tex/latex/graphics-cfg/color.cfg
File: color.cfg 2016/01/02 v1.6 sample color configuration
)
Package xcolor Info: Driver file: xetex.def on input line 274.
 (c:/texlive/2025/texmf-dist/tex/latex/graphics-def/xetex.def
File: xetex.def 2022/09/22 v5.0n Graphics/color driver for xetex
) (c:/texlive/2025/texmf-dist/tex/latex/graphics/mathcolor.ltx)
Package xcolor Info: Model `cmy' substituted by `cmy0' on input line 1349.
Package xcolor Info: Model `RGB' extended on input line 1365.
Package xcolor Info: Model `HTML' substituted by `rgb' on input line 1367.
Package xcolor Info: Model `Hsb' substituted by `hsb' on input line 1368.
Package xcolor Info: Model `tHsb' substituted by `hsb' on input line 1369.
Package xcolor Info: Model `HSB' substituted by `hsb' on input line 1370.
Package xcolor Info: Model `Gray' substituted by `gray' on input line 1371.
Package xcolor Info: Model `wave' substituted by `hsb' on input line 1372.
)) (./fancyhdr.sty
\fancy@headwidth=\skip51
\f@ncyO@elh=\skip52
\f@ncyO@erh=\skip53
\f@ncyO@olh=\skip54
\f@ncyO@orh=\skip55
\f@ncyO@elf=\skip56
\f@ncyO@erf=\skip57
\f@ncyO@olf=\skip58
\f@ncyO@orf=\skip59
) (./natbib.sty
Package: natbib 2009/07/16 8.31 (PWD, AO)
\bibhang=\skip60
\bibsep=\skip61
LaTeX Info: Redefining \cite on input line 694.
\c@NAT@ctr=\count266
)) (c:/texlive/2025/texmf-dist/tex/latex/psnfss/times.sty
Package: times 2020/03/25 PSNFSS-v9.3 (SPQR) 
) (./math_commands.tex (c:/texlive/2025/texmf-dist/tex/latex/amsmath/amsmath.sty
Package: amsmath 2024/11/05 v2.17t AMS math features
\@mathmargin=\skip62

For additional information on amsmath, use the `?' option.
(c:/texlive/2025/texmf-dist/tex/latex/amsmath/amstext.sty
Package: amstext 2021/08/26 v2.01 AMS text
 (c:/texlive/2025/texmf-dist/tex/latex/amsmath/amsgen.sty
File: amsgen.sty 1999/11/30 v2.0 generic functions
\@emptytoks=\toks18
\ex@=\dimen144
)) (c:/texlive/2025/texmf-dist/tex/latex/amsmath/amsbsy.sty
Package: amsbsy 1999/11/29 v1.2d Bold Symbols
\pmbraise@=\dimen145
) (c:/texlive/2025/texmf-dist/tex/latex/amsmath/amsopn.sty
Package: amsopn 2022/04/08 v2.04 operator names
)
\inf@bad=\count267
LaTeX Info: Redefining \frac on input line 233.
\uproot@=\count268
\leftroot@=\count269
LaTeX Info: Redefining \overline on input line 398.
LaTeX Info: Redefining \colon on input line 409.
\classnum@=\count270
\DOTSCASE@=\count271
LaTeX Info: Redefining \ldots on input line 495.
LaTeX Info: Redefining \dots on input line 498.
LaTeX Info: Redefining \cdots on input line 619.
\Mathstrutbox@=\box52
\strutbox@=\box53
LaTeX Info: Redefining \big on input line 721.
LaTeX Info: Redefining \Big on input line 722.
LaTeX Info: Redefining \bigg on input line 723.
LaTeX Info: Redefining \Bigg on input line 724.
\big@size=\dimen146
LaTeX Font Info:    Redeclaring font encoding OML on input line 742.
LaTeX Font Info:    Redeclaring font encoding OMS on input line 743.
\macc@depth=\count272
LaTeX Info: Redefining \bmod on input line 904.
LaTeX Info: Redefining \pmod on input line 909.
LaTeX Info: Redefining \smash on input line 939.
LaTeX Info: Redefining \relbar on input line 969.
LaTeX Info: Redefining \Relbar on input line 970.
\c@MaxMatrixCols=\count273
\dotsspace@=\muskip17
\c@parentequation=\count274
\dspbrk@lvl=\count275
\tag@help=\toks19
\row@=\count276
\column@=\count277
\maxfields@=\count278
\andhelp@=\toks20
\eqnshift@=\dimen147
\alignsep@=\dimen148
\tagshift@=\dimen149
\tagwidth@=\dimen150
\totwidth@=\dimen151
\lineht@=\dimen152
\@envbody=\toks21
\multlinegap=\skip63
\multlinetaggap=\skip64
\mathdisplay@stack=\toks22
LaTeX Info: Redefining \[ on input line 2953.
LaTeX Info: Redefining \] on input line 2954.
) (c:/texlive/2025/texmf-dist/tex/latex/amsfonts/amsfonts.sty
Package: amsfonts 2013/01/14 v3.01 Basic AMSFonts support
\symAMSa=\mathgroup4
\symAMSb=\mathgroup5
LaTeX Font Info:    Redeclaring math symbol \hbar on input line 98.
LaTeX Font Info:    Overwriting math alphabet `\mathfrak' in version `bold'
(Font)                  U/euf/m/n --> U/euf/b/n on input line 106.
) (c:/texlive/2025/texmf-dist/tex/latex/tools/bm.sty
Package: bm 2023/12/19 v1.2f Bold Symbol Support (DPC/FMi)
\symboldoperators=\mathgroup6
\symboldletters=\mathgroup7
\symboldsymbols=\mathgroup8
Package bm Info: No bold for \OMX/cmex/m/n, using \pmb.
Package bm Info: No bold for \U/msa/m/n, using \pmb.
Package bm Info: No bold for \U/msb/m/n, using \pmb.
LaTeX Font Info:    Redeclaring math alphabet \mathbf on input line 149.
)
LaTeX Font Info:    Overwriting math alphabet `\mathsfit' in version `bold'
(Font)                  TU/phv/m/sl --> TU/phv/bx/n on input line 314.
) (c:/texlive/2025/texmf-dist/tex/latex/enumitem/enumitem.sty
Package: enumitem 2025/02/06 v3.11 Customized lists
\labelindent=\skip65
\enit@outerparindent=\dimen153
\enit@toks=\toks23
\enit@inbox=\box54
\enit@count@id=\count279
\enitdp@description=\count280
) (c:/texlive/2025/texmf-dist/tex/latex/hyperref/hyperref.sty
Package: hyperref 2024-11-05 v7.01l Hypertext links for LaTeX
 (c:/texlive/2025/texmf-dist/tex/generic/iftex/iftex.sty
Package: iftex 2024/12/12 v1.0g TeX engine tests
) (c:/texlive/2025/texmf-dist/tex/latex/kvsetkeys/kvsetkeys.sty
Package: kvsetkeys 2022-10-05 v1.19 Key value parser (HO)
) (c:/texlive/2025/texmf-dist/tex/generic/kvdefinekeys/kvdefinekeys.sty
Package: kvdefinekeys 2019-12-19 v1.6 Define keys (HO)
) (c:/texlive/2025/texmf-dist/tex/generic/pdfescape/pdfescape.sty
Package: pdfescape 2019/12/09 v1.15 Implements pdfTeX's escape features (HO)
 (c:/texlive/2025/texmf-dist/tex/generic/ltxcmds/ltxcmds.sty
Package: ltxcmds 2023-12-04 v1.26 LaTeX kernel commands for general use (HO)
) (c:/texlive/2025/texmf-dist/tex/generic/pdftexcmds/pdftexcmds.sty
Package: pdftexcmds 2020-06-27 v0.33 Utility functions of pdfTeX for LuaTeX (HO)
 (c:/texlive/2025/texmf-dist/tex/generic/infwarerr/infwarerr.sty
Package: infwarerr 2019/12/03 v1.5 Providing info/warning/error messages (HO)
)
Package pdftexcmds Info: \pdf@primitive is available.
Package pdftexcmds Info: \pdf@ifprimitive is available.
Package pdftexcmds Info: \pdfdraftmode not found.
)) (c:/texlive/2025/texmf-dist/tex/latex/hycolor/hycolor.sty
Package: hycolor 2020-01-27 v1.10 Color options for hyperref/bookmark (HO)
) (c:/texlive/2025/texmf-dist/tex/latex/hyperref/nameref.sty
Package: nameref 2023-11-26 v2.56 Cross-referencing by name of section
 (c:/texlive/2025/texmf-dist/tex/latex/refcount/refcount.sty
Package: refcount 2019/12/15 v3.6 Data extraction from label references (HO)
) (c:/texlive/2025/texmf-dist/tex/generic/gettitlestring/gettitlestring.sty
Package: gettitlestring 2019/12/15 v1.6 Cleanup title references (HO)
 (c:/texlive/2025/texmf-dist/tex/latex/kvoptions/kvoptions.sty
Package: kvoptions 2022-06-15 v3.15 Key value format for package options (HO)
))
\c@section@level=\count281
) (c:/texlive/2025/texmf-dist/tex/latex/etoolbox/etoolbox.sty
Package: etoolbox 2025/02/11 v2.5l e-TeX tools for LaTeX (JAW)
\etb@tempcnta=\count282
) (c:/texlive/2025/texmf-dist/tex/generic/stringenc/stringenc.sty
Package: stringenc 2019/11/29 v1.12 Convert strings between diff. encodings (HO)
)
\@linkdim=\dimen154
\Hy@linkcounter=\count283
\Hy@pagecounter=\count284
 (c:/texlive/2025/texmf-dist/tex/latex/hyperref/pd1enc.def
File: pd1enc.def 2024-11-05 v7.01l Hyperref: PDFDocEncoding definition (HO)
) (c:/texlive/2025/texmf-dist/tex/generic/intcalc/intcalc.sty
Package: intcalc 2019/12/15 v1.3 Expandable calculations with integers (HO)
)
\Hy@SavedSpaceFactor=\count285
 (c:/texlive/2025/texmf-dist/tex/latex/hyperref/puenc.def
File: puenc.def 2024-11-05 v7.01l Hyperref: PDF Unicode definition (HO)
)
Package hyperref Info: Hyper figures OFF on input line 4157.
Package hyperref Info: Link nesting OFF on input line 4162.
Package hyperref Info: Hyper index ON on input line 4165.
Package hyperref Info: Plain pages OFF on input line 4172.
Package hyperref Info: Backreferencing OFF on input line 4177.
Package hyperref Info: Implicit mode ON; LaTeX internals redefined.
Package hyperref Info: Bookmarks ON on input line 4424.
\c@Hy@tempcnt=\count286
 (c:/texlive/2025/texmf-dist/tex/latex/url/url.sty
\Urlmuskip=\muskip18
Package: url 2013/09/16  ver 3.4  Verb mode for urls, etc.
)
LaTeX Info: Redefining \url on input line 4763.
\XeTeXLinkMargin=\dimen155
 (c:/texlive/2025/texmf-dist/tex/generic/bitset/bitset.sty
Package: bitset 2019/12/09 v1.3 Handle bit-vector datatype (HO)
 (c:/texlive/2025/texmf-dist/tex/generic/bigintcalc/bigintcalc.sty
Package: bigintcalc 2019/12/15 v1.5 Expandable calculations on big integers (HO)
))
\Fld@menulength=\count287
\Field@Width=\dimen156
\Fld@charsize=\dimen157
Package hyperref Info: Hyper figures OFF on input line 6042.
Package hyperref Info: Link nesting OFF on input line 6047.
Package hyperref Info: Hyper index ON on input line 6050.
Package hyperref Info: backreferencing OFF on input line 6057.
Package hyperref Info: Link coloring OFF on input line 6062.
Package hyperref Info: Link coloring with OCG OFF on input line 6067.
Package hyperref Info: PDF/A mode OFF on input line 6072.
 (c:/texlive/2025/texmf-dist/tex/latex/base/atbegshi-ltx.sty
Package: atbegshi-ltx 2021/01/10 v1.0c Emulation of the original atbegshi
package with kernel methods
)
\Hy@abspage=\count288
\c@Item=\count289
\c@Hfootnote=\count290
)
Package hyperref Info: Driver (autodetected): hxetex.
 (c:/texlive/2025/texmf-dist/tex/latex/hyperref/hxetex.def
File: hxetex.def 2024-11-05 v7.01l Hyperref driver for XeTeX
\pdfm@box=\box55
\c@Hy@AnnotLevel=\count291
\HyField@AnnotCount=\count292
\Fld@listcount=\count293
\c@bookmark@seq@number=\count294
 (c:/texlive/2025/texmf-dist/tex/latex/rerunfilecheck/rerunfilecheck.sty
Package: rerunfilecheck 2022-07-10 v1.10 Rerun checks for auxiliary files (HO)
 (c:/texlive/2025/texmf-dist/tex/latex/base/atveryend-ltx.sty
Package: atveryend-ltx 2020/08/19 v1.0a Emulation of the original atveryend package
with kernel methods
) (c:/texlive/2025/texmf-dist/tex/generic/uniquecounter/uniquecounter.sty
Package: uniquecounter 2019/12/15 v1.4 Provide unlimited unique counter (HO)
)
Package uniquecounter Info: New unique counter `rerunfilecheck' on input line 285.
)
\Hy@SectionHShift=\skip66
) (c:/texlive/2025/texmf-dist/tex/latex/graphics/graphicx.sty
Package: graphicx 2021/09/16 v1.2d Enhanced LaTeX Graphics (DPC,SPQR)
 (c:/texlive/2025/texmf-dist/tex/latex/graphics/graphics.sty
Package: graphics 2024/08/06 v1.4g Standard LaTeX Graphics (DPC,SPQR)
 (c:/texlive/2025/texmf-dist/tex/latex/graphics/trig.sty
Package: trig 2023/12/02 v1.11 sin cos tan (DPC)
) (c:/texlive/2025/texmf-dist/tex/latex/graphics-cfg/graphics.cfg
File: graphics.cfg 2016/06/04 v1.11 sample graphics configuration
)
Package graphics Info: Driver file: xetex.def on input line 106.
)
\Gin@req@height=\dimen158
\Gin@req@width=\dimen159
) (c:/texlive/2025/texmf-dist/tex/latex/caption/subcaption.sty
Package: subcaption 2023/07/28 v1.6b Sub-captions (AR)
 (c:/texlive/2025/texmf-dist/tex/latex/caption/caption.sty
Package: caption 2023/08/05 v3.6o Customizing captions (AR)
 (c:/texlive/2025/texmf-dist/tex/latex/caption/caption3.sty
Package: caption3 2023/07/31 v2.4d caption3 kernel (AR)
\caption@tempdima=\dimen160
\captionmargin=\dimen161
\caption@leftmargin=\dimen162
\caption@rightmargin=\dimen163
\caption@width=\dimen164
\caption@indent=\dimen165
\caption@parindent=\dimen166
\caption@hangindent=\dimen167
Package caption Info: Standard document class detected.
)
\c@caption@flags=\count295
\c@continuedfloat=\count296
Package caption Info: hyperref package is loaded.
)
Package caption Info: New subtype `subfigure' on input line 238.
\c@subfigure=\count297
Package caption Info: New subtype `subtable' on input line 238.
\c@subtable=\count298
)
\c@definition=\count299
\c@theorem=\count300
\c@remark=\count301
LaTeX Font Info:    Trying to load font information for TU+ptm on input line 88.
LaTeX Font Info:    No file TUptm.fd. on input line 88.


LaTeX Font Warning: Font shape `TU/ptm/m/n' undefined
(Font)              using `TU/lmr/m/n' instead on input line 88.

(c:/texlive/2025/texmf-dist/tex/latex/l3backend/l3backend-xetex.def
File: l3backend-xetex.def 2024-05-08 L3 backend support: XeTeX
\g__graphics_track_int=\count302
\l__pdf_internal_box=\box56
\g__pdf_backend_annotation_int=\count303
\g__pdf_backend_link_int=\count304
)
No file iclr2021_revision.aux.
\openout1 = `iclr2021_revision.aux'.

LaTeX Font Info:    Checking defaults for OML/cmm/m/it on input line 88.
LaTeX Font Info:    ... okay on input line 88.
LaTeX Font Info:    Checking defaults for OMS/cmsy/m/n on input line 88.
LaTeX Font Info:    ... okay on input line 88.
LaTeX Font Info:    Checking defaults for OT1/cmr/m/n on input line 88.
LaTeX Font Info:    ... okay on input line 88.
LaTeX Font Info:    Checking defaults for T1/cmr/m/n on input line 88.
LaTeX Font Info:    ... okay on input line 88.
LaTeX Font Info:    Checking defaults for TS1/cmr/m/n on input line 88.
LaTeX Font Info:    ... okay on input line 88.
LaTeX Font Info:    Checking defaults for TU/lmr/m/n on input line 88.
LaTeX Font Info:    ... okay on input line 88.
LaTeX Font Info:    Checking defaults for OMX/cmex/m/n on input line 88.
LaTeX Font Info:    ... okay on input line 88.
LaTeX Font Info:    Checking defaults for U/cmr/m/n on input line 88.
LaTeX Font Info:    ... okay on input line 88.
LaTeX Font Info:    Checking defaults for PD1/pdf/m/n on input line 88.
LaTeX Font Info:    ... okay on input line 88.
LaTeX Font Info:    Checking defaults for PU/pdf/m/n on input line 88.
LaTeX Font Info:    ... okay on input line 88.
Package hyperref Info: Link coloring OFF on input line 88.
\@outlinefile=\write3
\openout3 = `iclr2021_revision.out'.


Package hyperref Warning: Rerun to get /PageLabels entry.

Package caption Info: Begin \AtBeginDocument code.
Package caption Info: End \AtBeginDocument code.

LaTeX Font Warning: Font shape `TU/ptm/m/sc' undefined
(Font)              using `TU/ptm/m/n' instead on input line 92.

LaTeX Font Info:    Trying to load font information for U+msa on input line 92.
(c:/texlive/2025/texmf-dist/tex/latex/amsfonts/umsa.fd
File: umsa.fd 2013/01/14 v3.01 AMS symbols A
)
LaTeX Font Info:    Trying to load font information for U+msb on input line 92.
 (c:/texlive/2025/texmf-dist/tex/latex/amsfonts/umsb.fd
File: umsb.fd 2013/01/14 v3.01 AMS symbols B
)

LaTeX Font Warning: Font shape `TU/ptm/b/n' undefined
(Font)              using `TU/ptm/m/n' instead on input line 92.


Package natbib Warning: Citation `raissi2019physics' on page 1 undefined on input line 108.


Package natbib Warning: Citation `jiang2020meshfreeflownet' on page 1 undefined on input line 108.


Package natbib Warning: Citation `greenfeld2019learning' on page 1 undefined on input line 108.


Package natbib Warning: Citation `kochkov2021machine' on page 1 undefined on input line 108.


Package natbib Warning: Citation `guo2016convolutional' on page 1 undefined on input line 112.


Package natbib Warning: Citation `Zabaras' on page 1 undefined on input line 112.


Package natbib Warning: Citation `Adler2017' on page 1 undefined on input line 112.


Package natbib Warning: Citation `bhatnagar2019prediction' on page 1 undefined on input line 112.


Package natbib Warning: Citation `khoo2017solving' on page 1 undefined on input line 112.



[1

]

Package natbib Warning: Citation `Weinan' on page 2 undefined on input line 118.


Package natbib Warning: Citation `raissi2019physics' on page 2 undefined on input line 118.


Package natbib Warning: Citation `bar2019unsupervised' on page 2 undefined on input line 118.


Package natbib Warning: Citation `smith2020eikonet' on page 2 undefined on input line 118.


Package natbib Warning: Citation `pan2020physics' on page 2 undefined on input line 118.

File: figs/FourierNN_NV2.png Graphic file (type bmp)
<figs/FourierNN_NV2.png>

LaTeX Warning: Reference `sec:superresolution' on page 2 undefined on input line 129.


Package natbib Warning: Citation `lu2019deeponet' on page 2 undefined on input line 137.


Package natbib Warning: Citation `Kovachki' on page 2 undefined on input line 137.


Package natbib Warning: Citation `nelsen2020random' on page 2 undefined on input line 137.


Package natbib Warning: Citation `li2020neural' on page 2 undefined on input line 137.


Package natbib Warning: Citation `li2020multipole' on page 2 undefined on input line 137.


Package natbib Warning: Citation `patel2021physics' on page 2 undefined on input line 137.


Package natbib Warning: Citation `hornik1989multilayer' on page 2 undefined on input line 149.


Package natbib Warning: Citation `mathieu2013fast' on page 2 undefined on input line 149.


Package natbib Warning: Citation `bengio2007scaling' on page 2 undefined on input line 151.


Package natbib Warning: Citation `mingo2004Fourier' on page 2 undefined on input line 151.


Package natbib Warning: Citation `sitzmann2020implicit' on page 2 undefined on input line 151.


Package natbib Warning: Citation `fan2019bcr' on page 2 undefined on input line 152.


Package natbib Warning: Citation `fan2019multiscale' on page 2 undefined on input line 152.


Package natbib Warning: Citation `kashinath2020enforcing' on page 2 undefined on input line 152.



[2]

LaTeX Warning: Reference `fig:1' on page 3 undefined on input line 161.


LaTeX Warning: Reference `fig:baysian' on page 3 undefined on input line 165.


LaTeX Warning: Reference `sec:numerics' on page 3 undefined on input line 179.


Package natbib Warning: Citation `Vapnik1998' on page 3 undefined on input line 196.


LaTeX Warning: Reference `table:burgers' on page 3 undefined on input line 203.



[3]

Package natbib Warning: Citation `raissi2019physics' on page 4 undefined on input line 205.


LaTeX Warning: Reference `sec:bayesian' on page 4 undefined on input line 205.

File: figs/fourier_full_arch5.png Graphic file (type bmp)
<figs/fourier_full_arch5.png>

Overfull \hbox (0.85359pt too wide) in paragraph at lines 224--224
 [][] 
 []


Package natbib Warning: Citation `li2020neural' on page 4 undefined on input line 234.


LaTeX Warning: Reference `fig:arch' on page 4 undefined on input line 235.


LaTeX Font Warning: Font shape `TU/ptm/m/it' undefined
(Font)              using `TU/ptm/m/n' instead on input line 238.


Underfull \vbox (badness 1253) has occurred while \output is active []



[4]

LaTeX Warning: Reference `def:int' on page 5 undefined on input line 249.


Package natbib Warning: Citation `li2020neural' on page 5 undefined on input line 257.


LaTeX Warning: Reference `def:K_int' on page 5 undefined on input line 259.


LaTeX Warning: Reference `def:K_int' on page 5 undefined on input line 259.


LaTeX Warning: Reference `def:K_int' on page 5 undefined on input line 265.


LaTeX Warning: Reference `def:K_int' on page 5 undefined on input line 275.


LaTeX Warning: Reference `fig:arch' on page 5 undefined on input line 285.



[5]

LaTeX Warning: Reference `eq:fft_mult' on page 6 undefined on input line 320.


LaTeX Warning: Reference `def:K_int' on page 6 undefined on input line 331.


LaTeX Warning: Reference `sec:superresolution' on page 6 undefined on input line 356.


LaTeX Warning: Reference `fig:error' on page 6 undefined on input line 359.


LaTeX Warning: Reference `app:burgers' on page 6 undefined on input line 371.


LaTeX Warning: Reference `app:darcy' on page 6 undefined on input line 371.


LaTeX Warning: Reference `app:ns' on page 6 undefined on input line 371.


LaTeX Warning: Reference `sec:bayesian' on page 6 undefined on input line 371.



[6]

LaTeX Warning: Reference `def:int' on page 7 undefined on input line 374.


LaTeX Warning: Reference `eq:Fourier' on page 7 undefined on input line 374.


LaTeX Warning: Reference `fig:error' on page 7 undefined on input line 379.


LaTeX Warning: Reference `sec:superresolution' on page 7 undefined on input line 379.


Package natbib Warning: Citation `DeVoreReducedBasis' on page 7 undefined on input line 387.


Package natbib Warning: Citation `Zabaras' on page 7 undefined on input line 388.


Package natbib Warning: Citation `Kovachki' on page 7 undefined on input line 390.


Package natbib Warning: Citation `li2020neural' on page 7 undefined on input line 391.


Package natbib Warning: Citation `li2020multipole' on page 7 undefined on input line 392.


Package natbib Warning: Citation `lu2019deeponet' on page 7 undefined on input line 393.


Package natbib Warning: Citation `he2016deep' on page 7 undefined on input line 397.


Package natbib Warning: Citation `ronneberger2015u' on page 7 undefined on input line 398.


Package natbib Warning: Citation `wang2020towards' on page 7 undefined on input line 399.

File: figs/FourierNN_error.png Graphic file (type bmp)
<figs/FourierNN_error.png>

LaTeX Warning: Reference `sec:numerics' on page 7 undefined on input line 408.


LaTeX Warning: Reference `table:ns' on page 7 undefined on input line 408.


LaTeX Warning: Reference `table:burgers' on page 7 undefined on input line 408.


LaTeX Warning: Reference `table:darcy' on page 7 undefined on input line 408.


Underfull \vbox (badness 10000) has occurred while \output is active []



[7]

LaTeX Warning: Reference `fig:error' on page 8 undefined on input line 426.


LaTeX Warning: Reference `table:burgers' on page 8 undefined on input line 426.


LaTeX Warning: Reference `app:burgers' on page 8 undefined on input line 426.


LaTeX Warning: Reference `fig:error' on page 8 undefined on input line 445.


LaTeX Warning: Reference `table:darcy' on page 8 undefined on input line 445.


LaTeX Warning: Reference `app:darcy' on page 8 undefined on input line 445.


LaTeX Warning: `h' float specifier changed to `ht'.


LaTeX Warning: Reference `table:ns' on page 8 undefined on input line 494.



[8]

LaTeX Warning: Reference `fig:1' on page 9 undefined on input line 505.


Package natbib Warning: Citation `Cotter_2013' on page 9 undefined on input line 512.


LaTeX Warning: Reference `fig:baysian' on page 9 undefined on input line 515.


LaTeX Warning: Reference `app:bayesian' on page 9 undefined on input line 515.



[9]

LaTeX Warning: Reference `eq:Fourier' on page 10 undefined on input line 521.


Package natbib Warning: Citation `chi2020fast' on page 10 undefined on input line 544.

(./iclr2021_revision.bbl
LaTeX Font Info:    Trying to load font information for TU+pcr on input line 14.
LaTeX Font Info:    No file TUpcr.fd. on input line 14.


LaTeX Font Warning: Font shape `TU/pcr/m/n' undefined
(Font)              using `TU/lmr/m/n' instead on input line 14.



[10]

[11])

[12]

LaTeX Warning: Reference `table:notations' on page 13 undefined on input line 564.


Overfull \hbox (21.54063pt too wide) in paragraph at lines 570--608
 [] 
 []


LaTeX Warning: Reference `fig:spectral1' on page 13 undefined on input line 613.


LaTeX Warning: Reference `sec:fourier' on page 13 undefined on input line 615.


LaTeX Warning: Reference `fig:spectral2' on page 13 undefined on input line 615.

File: figs/ns_t50_n3_spectra.png Graphic file (type bmp)
<figs/ns_t50_n3_spectra.png>
File: figs/ns_t50_n4_spectra.png Graphic file (type bmp)
<figs/ns_t50_n4_spectra.png>
File: figs/ns_t50_n5_spectra.png Graphic file (type bmp)
<figs/ns_t50_n5_spectra.png>

LaTeX Warning: Reference `sec:ns' on page 13 undefined on input line 621.


LaTeX Warning: `h' float specifier changed to `ht'.

File: figs/spectral.png Graphic file (type bmp)
<figs/spectral.png>

LaTeX Warning: `h' float specifier changed to `ht'.


LaTeX Warning: Reference `sec:numerics' on page 13 undefined on input line 636.


Underfull \vbox (badness 2310) has occurred while \output is active []



[13]

[14]
Underfull \hbox (badness 1490) in paragraph at lines 672--676
\OT1/cmr/m/n/10 49\OML/cmm/m/it/10 I\OT1/cmr/m/n/10 )[])$ \TU/pcr/m/n/10 with periodic boundary conditions. The forcing is kept fixed $\OML/cmm/m/it/10 f\OT1/cmr/m/n/10 (\OML/cmm/m/it/10 x\OT1/cmr/m/n/10 ) =
 []


LaTeX Warning: Reference `table:burgers' on page 15 undefined on input line 678.


LaTeX Warning: Reference `table:darcy' on page 15 undefined on input line 678.


LaTeX Warning: Reference `fig:baysian' on page 15 undefined on input line 741.

File: figs/u_truth.png Graphic file (type bmp)
<figs/u_truth.png>
File: figs/umean_truth.png Graphic file (type bmp)
<figs/umean_truth.png>
File: figs/umean_approx.png Graphic file (type bmp)
<figs/umean_approx.png>
File: figs/gu_truth.png Graphic file (type bmp)
<figs/gu_truth.png>
File: figs/gumean_truth.png Graphic file (type bmp)
<figs/gumean_truth.png>
File: figs/gumean_approx.png Graphic file (type bmp)
<figs/gumean_approx.png>

Package natbib Warning: There were undefined citations.



[15]

[16] (./iclr2021_revision.aux

Package natbib Warning: Citation(s) may have changed.
(natbib)                Rerun to get citations correct.

)
 ***********
LaTeX2e <2024-11-01> patch level 2
L3 programming layer <2025-01-18>
 ***********


LaTeX Font Warning: Some font shapes were not available, defaults substituted.


LaTeX Warning: There were undefined references.


LaTeX Warning: Label(s) may have changed. Rerun to get cross-references right.


Package rerunfilecheck Warning: File `iclr2021_revision.out' has changed.
(rerunfilecheck)                Rerun to get outlines right
(rerunfilecheck)                or use package `bookmark'.

Package rerunfilecheck Info: Checksums for `iclr2021_revision.out':
(rerunfilecheck)             Before: <no file>
(rerunfilecheck)             After:  D1B7C9456DAF082DECBBC5DBAD687F35;3116.
 ) 
Here is how much of TeX's memory you used:
 12602 strings out of 473832
 194108 string characters out of 5733158
 616490 words of memory out of 5000000
 35501 multiletter control sequences out of 15000+600000
 569200 words of font info for 79 fonts, out of 8000000 for 9000
 1348 hyphenation exceptions out of 8191
 72i,14n,79p,991b,479s stack positions out of 10000i,1000n,20000p,200000b,200000s

Output written on iclr2021_revision.pdf (16 pages).
