\BOOKMARK [1][-]{section.1}{\376\377\173\200\116\313}{}% 1
\BOOKMARK [2][-]{subsection.1.1}{\376\377\142\021\116\354\166\204\145\271\154\325}{section.1}% 2
\BOOKMARK [2][-]{subsection.1.2}{\376\377\200\314\146\157\116\016\166\370\121\163\135\345\117\134}{section.1}% 3
\BOOKMARK [1][-]{section.2}{\376\377\000L\000e\000a\000r\000n\000i\000n\000g\000\040\000O\000p\000e\000r\000a\000t\000o\000r\000s\000\050\173\227\133\120\133\146\116\140\213\276\133\232\000\051}{}% 4
\BOOKMARK [2][-]{subsection.2.1}{\376\377\000G\000e\000n\000e\000r\000i\000c\000\040\000P\000a\000r\000a\000m\000e\000t\000r\000i\000c\000\040\000P\000D\000E\000s\000\040\000\050\154\333\127\213\123\302\145\160\123\026\120\117\137\256\122\006\145\271\172\013\000\051}{section.2}% 5
\BOOKMARK [2][-]{subsection.2.2}{\376\377\225\356\230\230\213\276\133\232}{section.2}% 6
\BOOKMARK [2][-]{subsection.2.3}{\376\377\000D\000i\000s\000c\000r\000e\000t\000i\000z\000a\000t\000i\000o\000n\000\050\171\273\145\143\123\026\000\051}{section.2}% 7
\BOOKMARK [1][-]{section.3}{\376\377\000N\000e\000u\000r\000a\000l\000\040\000O\000p\000e\000r\000a\000t\000o\000r\000s\000\050\171\136\176\317\173\227\133\120\000\051}{}% 8
\BOOKMARK [2][-]{subsection.3.1}{\376\377\171\357\122\006\150\070\173\227\133\120\377\010\000I\000n\000t\000e\000g\000r\000a\000l\000\040\000K\000e\000r\000n\000e\000l\000\040\000O\000p\000e\000r\000a\000t\000o\000r\000s\377\011}{section.3}% 9
\BOOKMARK [2][-]{subsection.3.2}{\376\377\123\125\226\220\205\317\134\102\147\204\220\040\000\040\000\050\000S\000i\000n\000g\000l\000e\000\040\000H\000i\000d\000d\000e\000n\000\040\000L\000a\000y\000e\000r\000\040\000C\000o\000n\000s\000t\000r\000u\000c\000t\000i\000o\000n\000\051}{section.3}% 10
\BOOKMARK [2][-]{subsection.3.3}{\376\377\230\204\131\004\164\006\377\010\000P\000r\000e\000p\000r\000o\000c\000e\000s\000s\000i\000n\000g\377\011}{section.3}% 11
\BOOKMARK [2][-]{subsection.3.4}{\376\377\171\273\145\143\123\026\116\015\123\330\140\047\116\016\220\074\217\321\140\047\377\010\000D\000i\000s\000c\000r\000e\000t\000i\000z\000a\000t\000i\000o\000n\000\040\000I\000n\000v\000a\000r\000i\000a\000n\000c\000e\000\040\000a\000n\000d\000\040\000A\000p\000p\000r\000o\000x\000i\000m\000a\000t\000i\000o\000n\377\011}{section.3}% 12
\BOOKMARK [1][-]{section.4}{\376\377\123\302\145\160\123\026\116\016\213\241\173\227\000\040\000\050\000P\000a\000r\000a\000m\000e\000t\000e\000r\000i\000z\000a\000t\000i\000o\000n\000\040\000a\000n\000d\000\040\000C\000o\000m\000p\000u\000t\000a\000t\000i\000o\000n\000\051}{}% 13
\BOOKMARK [2][-]{subsection.4.1}{\376\377\150\070\167\351\226\065\377\010\000K\000e\000r\000n\000e\000l\000\040\000M\000a\000t\000r\000i\000x\377\011}{section.4}% 14
\BOOKMARK [2][-]{subsection.4.2}{\376\377\126\376\171\136\176\317\173\227\133\120\377\010\000G\000r\000a\000p\000h\000\040\000N\000e\000u\000r\000a\000l\000\040\000O\000p\000e\000r\000a\000t\000o\000r\000,\000\040\000G\000N\000O\377\011}{section.4}% 15
\BOOKMARK [2][-]{subsection.4.3}{\376\377\123\167\171\357\171\136\176\317\177\121\176\334\377\010\000C\000o\000n\000v\000o\000l\000u\000t\000i\000o\000n\000a\000l\000\040\000N\000e\000u\000r\000a\000l\000\040\000N\000e\000t\000w\000o\000r\000k\000s\377\011\000.}{section.4}% 16
\BOOKMARK [2][-]{subsection.4.4}{\376\377\000L\000o\000w\000-\000r\000a\000n\000k\000\040\000N\000e\000u\000r\000a\000l\000\040\000O\000p\000e\000r\000a\000t\000o\000r\000\040\000\050\000L\000N\000O\000\051\377\010\117\116\171\351\171\136\176\317\173\227\133\120\377\011}{section.4}% 17
\BOOKMARK [2][-]{subsection.4.5}{\376\377\000M\000u\000l\000t\000i\000p\000o\000l\000e\000\040\000G\000r\000a\000p\000h\000\040\000N\000e\000u\000r\000a\000l\000\040\000O\000p\000e\000r\000a\000t\000o\000r\000\040\000\050\000M\000G\000N\000O\000\051}{section.4}% 18
\BOOKMARK [2][-]{subsection.4.6}{\376\377\000F\000o\000u\000r\000i\000e\000r\000\040\000N\000e\000u\000r\000a\000l\000\040\000O\000p\000e\000r\000a\000t\000o\000r\000\040\000\050\000F\000N\000O\000\051}{section.4}% 19
\BOOKMARK [2][-]{subsection.4.7}{\376\377\000S\000u\000m\000m\000a\000r\000y}{section.4}% 20
\BOOKMARK [1][-]{section.5}{\376\377\000N\000e\000u\000r\000a\000l\000\040\000O\000p\000e\000r\000a\000t\000o\000r\000s\000\040\000a\000n\000d\000\040\000O\000t\000h\000e\000r\000\040\000D\000e\000e\000p\000\040\000L\000e\000a\000r\000n\000i\000n\000g\000\040\000M\000o\000d\000e\000l\000s}{}% 21
\BOOKMARK [2][-]{subsection.5.1}{\376\377\000D\000e\000e\000p\000O\000N\000e\000t\000s}{section.5}% 22
\BOOKMARK [2][-]{subsection.5.2}{\376\377\000T\000r\000a\000n\000s\000f\000o\000r\000m\000e\000r\000s\000\040\000a\000s\000\040\000a\000\040\000S\000p\000e\000c\000i\000a\000l\000\040\000C\000a\000s\000e\000\040\000o\000f\000\040\000N\000e\000u\000r\000a\000l\000\040\000O\000p\000e\000r\000a\000t\000o\000r\000s}{section.5}% 23
\BOOKMARK [1][-]{section.6}{\376\377\000T\000e\000s\000t\000\040\000P\000r\000o\000b\000l\000e\000m\000s}{}% 24
\BOOKMARK [2][-]{subsection.6.1}{\376\377\000P\000o\000i\000s\000s\000o\000n\000\040\000E\000q\000u\000a\000t\000i\000o\000n}{section.6}% 25
\BOOKMARK [2][-]{subsection.6.2}{\376\377\000D\000a\000r\000c\000y\000\040\000F\000l\000o\000w}{section.6}% 26
\BOOKMARK [2][-]{subsection.6.3}{\376\377\000B\000u\000r\000g\000e\000r\000s\000'\000\040\000E\000q\000u\000a\000t\000i\000o\000n}{section.6}% 27
\BOOKMARK [2][-]{subsection.6.4}{\376\377\000N\000a\000v\000i\000e\000r\000-\000S\000t\000o\000k\000e\000s\000\040\000E\000q\000u\000a\000t\000i\000o\000n}{section.6}% 28
\BOOKMARK [3][-]{subsubsection.6.4.1}{\376\377\000B\000a\000y\000e\000s\000i\000a\000n\000\040\000I\000n\000v\000e\000r\000s\000e\000\040\000P\000r\000o\000b\000l\000e\000m}{subsection.6.4}% 29
\BOOKMARK [3][-]{subsubsection.6.4.2}{\376\377\000S\000p\000e\000c\000t\000r\000a}{subsection.6.4}% 30
\BOOKMARK [2][-]{subsection.6.5}{\376\377\000C\000h\000o\000i\000c\000e\000\040\000o\000f\000\040\000L\000o\000s\000s\000\040\000C\000r\000i\000t\000e\000r\000i\000a}{section.6}% 31
\BOOKMARK [1][-]{section.7}{\376\377\000N\000u\000m\000e\000r\000i\000c\000a\000l\000\040\000R\000e\000s\000u\000l\000t\000s}{}% 32
\BOOKMARK [2][-]{subsection.7.1}{\376\377\000P\000o\000i\000s\000s\000o\000n\000\040\000E\000q\000u\000a\000t\000i\000o\000n}{section.7}% 33
\BOOKMARK [2][-]{subsection.7.2}{\376\377\000D\000a\000r\000c\000y\000\040\000a\000n\000d\000\040\000B\000u\000r\000g\000e\000r\000s\000\040\000E\000q\000u\000a\000t\000i\000o\000n\000s}{section.7}% 34
\BOOKMARK [3][-]{subsubsection.7.2.1}{\376\377\000D\000a\000r\000c\000y\000\040\000F\000l\000o\000w}{subsection.7.2}% 35
\BOOKMARK [3][-]{subsubsection.7.2.2}{\376\377\000B\000u\000r\000g\000e\000r\000s\000'\000\040\000E\000q\000u\000a\000t\000i\000o\000n}{subsection.7.2}% 36
\BOOKMARK [3][-]{subsubsection.7.2.3}{\376\377\000Z\000e\000r\000o\000-\000s\000h\000o\000t\000\040\000s\000u\000p\000e\000r\000-\000r\000e\000s\000o\000l\000u\000t\000i\000o\000n\000.}{subsection.7.2}% 37
\BOOKMARK [2][-]{subsection.7.3}{\376\377\000N\000a\000v\000i\000e\000r\000-\000S\000t\000o\000k\000e\000s\000\040\000E\000q\000u\000a\000t\000i\000o\000n}{section.7}% 38
\BOOKMARK [3][-]{subsubsection.7.3.1}{\376\377\000Z\000e\000r\000o\000-\000s\000h\000o\000t\000\040\000s\000u\000p\000e\000r\000-\000r\000e\000s\000o\000l\000u\000t\000i\000o\000n\000.}{subsection.7.3}% 39
\BOOKMARK [3][-]{subsubsection.7.3.2}{\376\377\000S\000p\000e\000c\000t\000r\000a\000l\000\040\000a\000n\000a\000l\000y\000s\000i\000s}{subsection.7.3}% 40
\BOOKMARK [3][-]{subsubsection.7.3.3}{\376\377\000N\000o\000n\000-\000p\000e\000r\000i\000o\000d\000i\000c\000\040\000b\000o\000u\000n\000d\000a\000r\000y\000\040\000c\000o\000n\000d\000i\000t\000i\000o\000n\000.}{subsection.7.3}% 41
\BOOKMARK [3][-]{subsubsection.7.3.4}{\376\377\000B\000a\000y\000e\000s\000i\000a\000n\000\040\000I\000n\000v\000e\000r\000s\000e\000\040\000P\000r\000o\000b\000l\000e\000m}{subsection.7.3}% 42
\BOOKMARK [2][-]{subsection.7.4}{\376\377\000D\000i\000s\000c\000u\000s\000s\000i\000o\000n\000\040\000a\000n\000d\000\040\000C\000o\000m\000p\000a\000r\000i\000s\000o\000n\000\040\000o\000f\000\040\000t\000h\000e\000\040\000F\000o\000u\000r\000\040\000m\000e\000t\000h\000o\000d\000s}{section.7}% 43
\BOOKMARK [3][-]{subsubsection.7.4.1}{\376\377\000I\000n\000g\000e\000n\000u\000i\000t\000y}{subsection.7.4}% 44
\BOOKMARK [3][-]{subsubsection.7.4.2}{\376\377\000E\000x\000p\000r\000e\000s\000s\000i\000v\000e\000n\000e\000s\000s}{subsection.7.4}% 45
\BOOKMARK [3][-]{subsubsection.7.4.3}{\376\377\000C\000o\000m\000p\000l\000e\000x\000i\000t\000y}{subsection.7.4}% 46
\BOOKMARK [3][-]{subsubsection.7.4.4}{\376\377\000R\000e\000f\000i\000n\000a\000b\000i\000l\000i\000t\000y}{subsection.7.4}% 47
\BOOKMARK [3][-]{subsubsection.7.4.5}{\376\377\000R\000o\000b\000u\000s\000t\000n\000e\000s\000s}{subsection.7.4}% 48
\BOOKMARK [1][-]{section.8}{\376\377\000A\000p\000p\000r\000o\000x\000i\000m\000a\000t\000i\000o\000n\000\040\000T\000h\000e\000o\000r\000y}{}% 49
\BOOKMARK [2][-]{subsection.8.1}{\376\377\000N\000e\000u\000r\000a\000l\000\040\000O\000p\000e\000r\000a\000t\000o\000r\000s}{section.8}% 50
\BOOKMARK [2][-]{subsection.8.2}{\376\377\000D\000i\000s\000c\000r\000e\000t\000i\000z\000a\000t\000i\000o\000n\000\040\000I\000n\000v\000a\000r\000i\000a\000n\000c\000e}{section.8}% 51
\BOOKMARK [2][-]{subsection.8.3}{\376\377\000A\000p\000p\000r\000o\000x\000i\000m\000a\000t\000i\000o\000n\000\040\000T\000h\000e\000o\000r\000e\000m\000s}{section.8}% 52
\BOOKMARK [1][-]{section.9}{\376\377\000L\000i\000t\000e\000r\000a\000t\000u\000r\000e\000\040\000R\000e\000v\000i\000e\000w}{}% 53
\BOOKMARK [1][-]{section.10}{\376\377\000C\000o\000n\000c\000l\000u\000s\000i\000o\000n\000s}{}% 54
\BOOKMARK [2][-]{subsection.10.1}{\376\377\000F\000u\000t\000u\000r\000e\000\040\000D\000i\000r\000e\000c\000t\000i\000o\000n\000s}{section.10}% 55
\BOOKMARK [3][-]{subsubsection.10.1.1}{\376\377\000N\000e\000w\000\040\000A\000p\000p\000l\000i\000c\000a\000t\000i\000o\000n\000s}{subsection.10.1}% 56
\BOOKMARK [3][-]{subsubsection.10.1.2}{\376\377\000N\000e\000w\000\040\000M\000e\000t\000h\000o\000d\000o\000l\000o\000g\000i\000e\000s}{subsection.10.1}% 57
\BOOKMARK [3][-]{subsubsection.10.1.3}{\376\377\000T\000h\000e\000o\000r\000y}{subsection.10.1}% 58
\BOOKMARK [1][-]{section.1}{}{}% 59
\BOOKMARK [1][-]{section.2}{}{}% 60
\BOOKMARK [1][-]{section.3}{}{}% 61
\BOOKMARK [1][-]{section.4}{}{}% 62
\BOOKMARK [1][-]{section.5}{}{}% 63
\BOOKMARK [1][-]{section.6}{}{}% 64
\BOOKMARK [1][-]{section.7}{}{}% 65
